2019-08-30 16:10:20,968 INFO 10.31.11.87 [STATUS]: Start RunTest
2019-08-30 16:12:34,056 INFO 10.31.11.87 [STATUS]: Start RunTest
2019-08-30 16:13:54,973 INFO 10.31.11.87 [STATUS]: Start RunTest
2019-08-30 16:13:55,343 INFO 10.31.11.87 [STATUS]: Initializing LoadTeacher Class
2019-08-30 16:13:55,344 ERROR 10.31.11.87 [ERROR]: teacher model load failed due to 'module' object is not callable
2019-08-30 16:15:22,527 INFO 10.31.11.87 [STATUS]: Start RunTest
2019-08-30 16:15:22,958 INFO 10.31.11.87 [STATUS]: Initializing LoadTeacher Class
2019-08-30 16:15:22,959 ERROR 10.31.11.87 [ERROR]: teacher model load failed due to 'module' object is not callable
2019-08-30 16:16:12,205 INFO 10.31.11.87 [STATUS]: Start RunTest
2019-08-30 16:16:12,617 INFO 10.31.11.87 [STATUS]: Initializing LoadTeacher Class
2019-08-30 16:16:12,618 ERROR 10.31.11.87 [ERROR]: teacher model load failed due to 'module' object is not callable
2019-08-30 16:18:12,648 INFO 10.31.11.87 [STATUS]: Start RunTest
2019-08-30 16:18:13,017 INFO 10.31.11.87 [STATUS]: Initializing ModelLoader Class
2019-08-30 16:18:13,017 ERROR 10.31.11.87 [ERROR]: teacher model load failed due to 'module' object is not callable
2019-08-30 16:21:28,760 INFO 10.31.11.87 [STATUS]: Start RunTest
2019-08-30 16:21:29,273 INFO 10.31.11.87 [STATUS]: Initializing ModelLoader Class
2019-08-30 16:22:21,194 INFO 10.31.11.87 [STATUS]: Start RunTest
2019-08-30 16:22:21,744 INFO 10.31.11.87 [STATUS]: Initializing ModelLoader Class
2019-08-30 16:22:55,933 INFO 10.31.11.87 [STATUS]: Start RunTest
2019-08-30 16:23:03,937 INFO 10.31.11.87 [STATUS]: Initializing ModelLoader Class
2019-08-30 16:23:51,046 INFO 10.31.11.87 [STATUS]: Start RunTest
2019-08-30 16:23:51,727 INFO 10.31.11.87 [STATUS]: Initializing ModelLoader Class
2019-08-30 16:24:40,596 INFO 10.31.11.87 [STATUS]: Start RunTest
2019-08-30 16:24:41,050 INFO 10.31.11.87 [STATUS]: Initializing ModelLoader Class
2019-08-30 16:24:52,767 INFO 10.31.11.87 [STATUS]: Initializing ModelLoader Class
2019-08-30 16:24:52,848 ERROR 10.31.11.87 [ERROR]: teacher model load failed due to acc() missing 2 required positional arguments: 'y_true' and 'y_pred'
2019-08-30 16:25:11,387 INFO 10.31.11.87 [STATUS]: Start RunTest
2019-08-30 16:25:11,764 INFO 10.31.11.87 [STATUS]: Initializing ModelLoader Class
2019-08-30 16:25:58,081 INFO 10.31.11.87 [STATUS]: Initializing ModelLoader Class
2019-08-30 16:27:11,726 INFO 10.31.11.87 [STATUS]: Start RunTest
2019-08-30 16:27:12,377 INFO 10.31.11.87 [STATUS]: Initializing ModelLoader Class
2019-08-30 16:27:25,616 INFO 10.31.11.87 [STATUS]: Initializing ModelLoader Class
2019-08-30 16:27:53,367 ERROR 10.31.11.87 [ERROR]: teacher model load failed due to acc() missing 2 required positional arguments: 'y_true' and 'y_pred'
2019-08-30 16:29:57,750 INFO 10.31.11.87 [STATUS]: Start RunTest
2019-08-30 16:29:58,287 INFO 10.31.11.87 [STATUS]: Initializing ModelLoader Class
2019-08-30 16:30:10,770 INFO 10.31.11.87 [STATUS]: Initializing ModelLoader Class
2019-08-30 16:32:41,627 INFO 10.31.11.87 [STATUS]: Start RunTest
2019-08-30 16:32:42,161 INFO 10.31.11.87 [STATUS]: Initializing ModelLoader Class
2019-08-30 16:32:55,524 INFO 10.31.11.87 [STATUS]: Initializing ModelLoader Class
2019-08-30 16:33:30,776 INFO 10.31.11.87 [STATUS]: Start RunTest
2019-08-30 16:33:31,158 INFO 10.31.11.87 [STATUS]: Initializing ModelLoader Class
2019-08-30 16:33:42,932 INFO 10.31.11.87 [STATUS]: Initializing ModelLoader Class
2019-08-30 16:34:11,982 INFO 10.31.11.87 [STATUS]: Start RunTest
2019-08-30 16:34:12,393 INFO 10.31.11.87 [STATUS]: Initializing ModelLoader Class
2019-08-30 16:34:24,423 INFO 10.31.11.87 [STATUS]: Initializing ModelLoader Class
2019-08-30 16:35:00,872 INFO 10.31.11.87 [STATUS]: Start RunTest
2019-08-30 16:35:01,210 INFO 10.31.11.87 [STATUS]: Initializing ModelLoader Class
2019-08-30 16:35:12,276 INFO 10.31.11.87 [STATUS]: Initializing ModelLoader Class
